<?xml version="1.0" encoding="UTF-8"?>
<testsuite xmlns:xsi="http://www.w3.org/2001/XMLSchema-instance" xsi:noNamespaceSchemaLocation="https://maven.apache.org/surefire/maven-surefire-plugin/xsd/surefire-test-report.xsd" version="3.0.2" name="com.platform.core.util.LogParserTest" time="0.071" tests="2" errors="0" skipped="0" failures="0">
  <properties>
[...]
</properties>
  <testcase name="parsesSpringBootConsoleLine" classname="com.platform.core.util.LogParserTest" time="0.047"/>
  <testcase name="fallsBackToRawMessageForUnstructuredInput" classname="com.platform.core.util.LogParserTest" time="0.006"/>
</testsuite>